// 同步 ID: ed580142 @ Wed Jul  8 23:42:15 UTC 2026
// 同步 ID: a4a3dc17 @ Thu Jul  9 09:20:40 UTC 2026
// 同步 ID: d4dba4ab @ Thu Jul  9 19:49:32 UTC 2026
// 重构日志: 6aafa221
// 同步 ID: 53549680 @ Fri Jul 10 09:18:39 UTC 2026
// 同步 ID: d3ff506a @ Sat Jul 11 03:40:25 UTC 2026
// 重构日志: 93cabde8
// 同步 ID: 4095cfe0 @ Sat Jul 11 12:00:55 UTC 2026
// 重构日志: e1da5920
// 重构日志: 695191a2
// 重构日志: cbc105af
// 重构日志: 1125afe8
// 同步 ID: fa04fee7 @ Tue Jul 14 00:32:40 UTC 2026
// 同步 ID: 60664188 @ Tue Jul 14 06:35:58 UTC 2026
// 同步 ID: a94870bd @ Tue Jul 14 12:25:16 UTC 2026
// 同步 ID: d3cd03e5 @ Tue Jul 14 17:32:09 UTC 2026
// 同步 ID: f4e61f8a @ Tue Jul 14 23:14:00 UTC 2026
// 重构日志: 8d8e150c
// 重构日志: 497d2e5c
// 重构日志: eb3d6c4c
// 同步 ID: 258feeba @ Thu Jul 16 16:54:30 UTC 2026
// 重构日志: 79453d39
// 重构日志: 749d920e
// 重构日志: 57312acf
// 重构日志: d63b0b10
// 同步 ID: 24ee0e94 @ Sun Jul 19 11:43:37 UTC 2026
// 重构日志: c25f7e81
// 重构日志: 75c03c50
// 同步 ID: c07013f1 @ Mon Jul 20 04:40:23 UTC 2026
// 同步 ID: 5a4c6d0b @ Mon Jul 20 07:31:38 UTC 2026
// 重构日志: 3bfe6d28
